Random Surfing Saved information
File Created at:Jan  8 2021-12:56:49
Visitors:3
Pages:10
Iterations made:40
Surfs Made
---------------------------------------------------------------
Visitor 1 goes from Web Page 0 to Web Page 3
Visitor 2 goes from Web Page 4 to Web Page 3
Visitor 3 goes from Web Page 8 to Web Page 1

Visitor 1 goes from Web Page 3 to Web Page 1
Visitor 2 goes from Web Page 3 to Web Page 5
Visitor 3 goes from Web Page 1 to Web Page 7

Visitor 1 goes from Web Page 1 to Web Page 2
Visitor 2 goes from Web Page 5 to Web Page 4
Visitor 3 goes from Web Page 7 to Web Page 6

Visitor 1 goes from Web Page 2 to Web Page 3
Visitor 2 goes from Web Page 4 to Web Page 2
Visitor 3 goes from Web Page 6 to Web Page 3

Visitor 1 goes from Web Page 3 to Web Page 0
Visitor 2 goes from Web Page 2 to Web Page 6
Visitor 3 goes from Web Page 3 to Web Page 1

Visitor 1 goes from Web Page 0 to Web Page 9
Visitor 2 goes from Web Page 6 to Web Page 3
Visitor 3 goes from Web Page 1 to Web Page 3

Visitor 1 goes from Web Page 9 to Web Page 3
Visitor 2 goes from Web Page 3 to Web Page 1
Visitor 3 goes from Web Page 3 to Web Page 1

Visitor 1 goes from Web Page 3 to Web Page 5
Visitor 2 goes from Web Page 1 to Web Page 9
Visitor 3 goes from Web Page 1 to Web Page 0

Visitor 1 goes from Web Page 5 to Web Page 9
Visitor 2 goes from Web Page 9 to Web Page 1
Visitor 3 goes from Web Page 0 to Web Page 3

Visitor 1 goes from Web Page 9 to Web Page 0
Visitor 2 goes from Web Page 1 to Web Page 2
Visitor 3 goes from Web Page 3 to Web Page 1

Visitor 1 goes from Web Page 0 to Web Page 8
Visitor 2 goes from Web Page 2 to Web Page 3
Visitor 3 goes from Web Page 1 to Web Page 5

Visitor 1 goes from Web Page 8 to Web Page 3
Visitor 2 goes from Web Page 3 to Web Page 0
Visitor 3 goes from Web Page 5 to Web Page 0

Visitor 1 goes from Web Page 3 to Web Page 5
Visitor 2 goes from Web Page 0 to Web Page 8
Visitor 3 goes from Web Page 0 to Web Page 9

Visitor 1 goes from Web Page 5 to Web Page 9
Visitor 2 goes from Web Page 8 to Web Page 3
Visitor 3 goes from Web Page 9 to Web Page 7

Visitor 1 goes from Web Page 9 to Web Page 0
Visitor 2 goes from Web Page 3 to Web Page 0
Visitor 3 goes from Web Page 7 to Web Page 4

Visitor 1 goes from Web Page 0 to Web Page 9
Visitor 2 goes from Web Page 0 to Web Page 8
Visitor 3 goes from Web Page 4 to Web Page 9

Visitor 1 goes from Web Page 9 to Web Page 4
Visitor 2 goes from Web Page 8 to Web Page 4
Visitor 3 goes from Web Page 9 to Web Page 7

Visitor 1 goes from Web Page 4 to Web Page 7
Visitor 2 goes from Web Page 4 to Web Page 3
Visitor 3 goes from Web Page 7 to Web Page 5

Visitor 1 goes from Web Page 7 to Web Page 4
Visitor 2 goes from Web Page 3 to Web Page 1
Visitor 3 goes from Web Page 5 to Web Page 1

Visitor 1 goes from Web Page 4 to Web Page 0
Visitor 2 goes from Web Page 1 to Web Page 7
Visitor 3 goes from Web Page 1 to Web Page 0

Visitor 1 goes from Web Page 0 to Web Page 4
Visitor 2 goes from Web Page 7 to Web Page 6
Visitor 3 goes from Web Page 0 to Web Page 8

Visitor 1 goes from Web Page 4 to Web Page 8
Visitor 2 goes from Web Page 6 to Web Page 3
Visitor 3 goes from Web Page 8 to Web Page 1

Visitor 1 goes from Web Page 8 to Web Page 1
Visitor 2 goes from Web Page 3 to Web Page 0
Visitor 3 goes from Web Page 1 to Web Page 5

Visitor 1 goes from Web Page 1 to Web Page 3
Visitor 2 goes from Web Page 0 to Web Page 4
Visitor 3 goes from Web Page 5 to Web Page 9

Visitor 1 goes from Web Page 3 to Web Page 4
Visitor 2 goes from Web Page 4 to Web Page 6
Visitor 3 goes from Web Page 9 to Web Page 0

Visitor 1 goes from Web Page 4 to Web Page 8
Visitor 2 goes from Web Page 6 to Web Page 3
Visitor 3 goes from Web Page 0 to Web Page 3

Visitor 1 goes from Web Page 8 to Web Page 5
Visitor 2 goes from Web Page 3 to Web Page 1
Visitor 3 goes from Web Page 3 to Web Page 0

Visitor 1 goes from Web Page 5 to Web Page 9
Visitor 2 goes from Web Page 1 to Web Page 2
Visitor 3 goes from Web Page 0 to Web Page 2

Visitor 1 goes from Web Page 9 to Web Page 4
Visitor 2 goes from Web Page 2 to Web Page 9
Visitor 3 goes from Web Page 2 to Web Page 1

Visitor 1 goes from Web Page 4 to Web Page 2
Visitor 2 goes from Web Page 9 to Web Page 1
Visitor 3 goes from Web Page 1 to Web Page 0

Visitor 1 goes from Web Page 2 to Web Page 9
Visitor 2 goes from Web Page 1 to Web Page 0
Visitor 3 goes from Web Page 0 to Web Page 4

Visitor 1 goes from Web Page 9 to Web Page 1
Visitor 2 goes from Web Page 0 to Web Page 7
Visitor 3 goes from Web Page 4 to Web Page 3

Visitor 1 goes from Web Page 1 to Web Page 7
Visitor 2 goes from Web Page 7 to Web Page 8
Visitor 3 goes from Web Page 3 to Web Page 1

Visitor 1 goes from Web Page 7 to Web Page 8
Visitor 2 goes from Web Page 8 to Web Page 0
Visitor 3 goes from Web Page 1 to Web Page 9

Visitor 1 goes from Web Page 8 to Web Page 3
Visitor 2 goes from Web Page 0 to Web Page 4
Visitor 3 goes from Web Page 9 to Web Page 4

Visitor 1 goes from Web Page 3 to Web Page 5
Visitor 2 goes from Web Page 4 to Web Page 3
Visitor 3 goes from Web Page 4 to Web Page 2

Visitor 1 goes from Web Page 5 to Web Page 8
Visitor 2 goes from Web Page 3 to Web Page 0
Visitor 3 goes from Web Page 2 to Web Page 9

Visitor 1 goes from Web Page 8 to Web Page 0
Visitor 2 goes from Web Page 0 to Web Page 6
Visitor 3 goes from Web Page 9 to Web Page 5

Visitor 1 goes from Web Page 0 to Web Page 3
Visitor 2 goes from Web Page 6 to Web Page 3
Visitor 3 goes from Web Page 5 to Web Page 8


